Task started
Task started
Task started
Task started
Task started
Task started
Task started
Task Completed
Task Completed
Task started
Task Completed
Task started
Task Completed
Task started
Video out path:D:\Abdalla Omar\repos\video-management-system\media\videos\62651_a5s1da561c_abdal_asdo_sdmxzc_as_a_a.mp4
Task Completed
Task started
Video out path:D:\Abdalla Omar\repos\video-management-system\media\videos\622_acrow frame_factory 5_op_process desc_148_saw.mp4
Task Completed
Task started
Video out path:D:\Abdalla Omar\repos\video-management-system\media\videos\lite frame_code_a_asd_asdzx_asczx_acx_asd_asdz.mp4
Task started
Error processing video: Filename 'aaaaaaaa_aaaaaaaaaaaaxcz/?_{_?_3|~_asda_aszx_asd.mp4' contains invalid characters
Task Completed
Task started
Filename '323a5s4d56_?_aczxa_?dA?_sdacx_asda_asdax_asda_asd.mp4' contains invalid characters
Filename cleaned '323a5s4d56___aczxa__dA__sdacx_asda_asdax_asda_asd.mp4'
Video out path:D:\Abdalla Omar\repos\video-management-system\media\videos\323a5s4d56___aczxa__dA__sdacx_asda_asdax_asda_asd.mp4
Task Completed
Task started
Filename cleaned 'aaaaaa_a_a_a_a_a_a_a_a.mp4'
Video out path:D:\Abdalla Omar\repos\video-management-system\media\videos\aaaaaa_a_a_a_a_a_a_a_a.mp4
Error processing video: float division by zero
processing completed but temp failed to delete
Task Completed
Task started
Filename cleaned 'lite frame_code_a_asd_asdzx_asczx_acx_asd_asdz.mp4'
Video out path:D:\Abdalla Omar\repos\video-management-system\media\videos\lite frame_code_a_asd_asdzx_asczx_acx_asd_asdz.mp4
Task started
Filename cleaned 'acrow_acrow_acrow_acrow_acrow_acrow_acrow.mp4'
Video out path:D:\Abdalla Omar\repos\video-management-system\media\videos\acrow_acrow_acrow_acrow_acrow_acrow_acrow.mp4
Task started
Filename cleaned 'sda_as_acrow_acw_asx_xazq_ascxz_axcz_axc_zxc.mp4'
Video out path:D:\Abdalla Omar\repos\video-management-system\media\videos\sda_as_acrow_acw_asx_xazq_ascxz_axcz_axc_zxc.mp4
Task Completed
